<?xml version="1.0" encoding="UTF-8"?>
<testng-results skipped="0" failed="0" total="1" passed="1">
  <reporter-output>
  </reporter-output>
  <suite name="Command line suite" duration-ms="50044" started-at="2016-10-25T12:25:31Z" finished-at="2016-10-25T12:26:21Z">
    <groups>
    </groups>
    <test name="Command line test" duration-ms="50044" started-at="2016-10-25T12:25:31Z" finished-at="2016-10-25T12:26:21Z">
      <class name="example.PlaceAnOrder">
        <test-method status="PASS" signature="beforeTest()[pri:0, instance:example.PlaceAnOrder@44e81672]" name="beforeTest" is-config="true" duration-ms="1018" started-at="2016-10-25T17:25:31Z" finished-at="2016-10-25T17:25:32Z">
          <reporter-output>
          </reporter-output>
        </test-method> <!-- beforeTest -->
        <test-method status="PASS" signature="testEasy()[pri:0, instance:example.PlaceAnOrder@44e81672]" name="testEasy" duration-ms="48264" started-at="2016-10-25T17:25:32Z" finished-at="2016-10-25T17:26:20Z">
          <reporter-output>
          </reporter-output>
        </test-method> <!-- testEasy -->
        <test-method status="PASS" signature="afterTest()[pri:0, instance:example.PlaceAnOrder@44e81672]" name="afterTest" is-config="true" duration-ms="749" started-at="2016-10-25T17:26:20Z" finished-at="2016-10-25T17:26:21Z">
          <reporter-output>
          </reporter-output>
        </test-method> <!-- afterTest -->
      </class> <!-- example.PlaceAnOrder -->
    </test> <!-- Command line test -->
  </suite> <!-- Command line suite -->
</testng-results>
